<?xml version="1.0" encoding="UTF-8"?>
<Site BuildName="Linux-g++"
	BuildStamp="20240302-0206-Experimental"
	Name="baebae-MS-7C95"
	Generator="ctest-3.28.3"
	CompilerName="/usr/bin/g++"
	CompilerVersion="11.4.0"
	OSName="Linux"
	Hostname="baebae-MS-7C95"
	OSRelease="6.5.0-21-generic"
	OSVersion="#21~22.04.1-Ubuntu SMP PREEMPT_DYNAMIC Fri Feb  9 13:32:52 UTC 2"
	OSPlatform="x86_64"
	Is64Bits="1"
	VendorString="AuthenticAMD"
	VendorID="Advanced Micro Devices"
	FamilyID="25"
	ModelID="33"
	ProcessorCacheSize="512"
	NumberOfLogicalCPU="12"
	NumberOfPhysicalCPU="6"
	TotalVirtualMemory="1955"
	TotalPhysicalMemory="15903"
	LogicalProcessorsPerPhysical="2"
	ProcessorClockFrequency="4650.48"
	>
	<Testing>
		<StartDateTime>Mar 02 11:06 JST</StartDateTime>
		<StartTestTime>1709345191</StartTestTime>
		<TestList/>
		<EndDateTime>Mar 02 11:06 JST</EndDateTime>
		<EndTestTime>1709345191</EndTestTime>
		<ElapsedMinutes>0</ElapsedMinutes>
	</Testing>
</Site>
